1D
91
23
1E
91
23
1F
91
23
20
91
23
21
91
23
22
91
23
23
91
23
24
91
23
25
91
23
26
91
23
27
91
23
28
91
23
29
91
23
2A
91
23
2B
91
23
2C
91
23
2D
91
23
2E
91
23
2F
91
23
30
91
23
31
91
23
32
91
23
33
91
23
34
91
23
35
91
23
36
91
23
37
91
23
38
91
23
39
91
23
3A
91
23
3B
91
23
3C
91
23
3D
91
23
3E
91
23
3F
91
23
40
91
23
41
91
23
42
91
23
43
91
23
44
91
23
45
91
23
46
91
24
47
91
24
48
91
24
49
91
24
4A
91
24
4B
91
24
4C
91
24
4D
91
24
4E
91
24
4F
91
24
50
91
24
51
91
24
52
91
24
53
91
24
54
91
24
55
91
24
56
91
24
57
91
24
58
91
24
59
91
25
5A
91
25
5B
91
25
5C
91
25
5D
91
25
5E
91
26
5F
91
26
60
91
26
61
91
26
62
91
26
63
91
26
64
91
26
65
91
26
66
91
26
67
91
26
68
91
26
69
91
26
6A
91
26
6B
91
26
6C
91
26
6D
91
26
6E
91
26
6F
91
26
70
91
26
71
91
26
72
91
26
73
91
26
74
91
26
75
91
26
76
91
26
77
91
26
78
91
26
79
91
26
7A
91
26
7B
91
26
7C
91
26
7D
91
26
7E
91
26
7F
91
26
80
91
26
81
91
26
82
91
26
83
91
26
84
91
26
85
91
26
86
91
26
87
91
26
88
91
26
89
91
26
8A
91
26
8B
91
26
8C
91
26
8D
91
26
8E
91
26
8F
91
26
90
91
26
91
91
26
92
91
26
93
91
26
94
91
26
95
91
26
96
91
26
97
91
28
98
91
28
99
91
28
9A
91
28
9B
91
28
9C
91
28
9D
91
28
9E
91
28
9F
91
28
A0
91
28
A1
91
28
A2
91
28
A3
91
28
A4
91
28
A5
91
28
A6
91
28
A7
91
28
A8
91
28
A9
91
28
AA
91
28
AB
91
28
AC
91
28
AD
91
28
AE
91
28
AF
91
28
B0
91
28
B1
91
28
B2
91
28
B3
91
28
B4
91
28
B5
91
28
B6
91
28
B7
91
28
B8
91
28
B9
91
28
BA
91
28
BB
91
28
BC
91
28
BD
91
28
BE
91
28
BF
91
28
C0
91
28
C1
91
28
C2
91
28
C3
91
28
C4
91
28
C5
91
29
C6
91
29
C7
91
29
C8
91
29
C9
91
29
CA
91
29
CB
91
29
CC
91
29
CD
91
29
CE
91
29
CF
91
29
D0
91
29
D1
91
29
D2
91
29
D3
91
29
D4
91
29
D5
91
29
D6
91
29
D7
91
29
D8
91
29
D9
91
29
DA
91
29
DB
91
29
DC
91
29
DD
91
29
DE
91
29
DF
91
29
E0
91
29
E1
91
29
E2
91
29
E3
91
29
E4
91
29
E5
91
29
E6
91
29
E7
91
29
E8
91
29
E9
91
29
EA
91
29
EB
91
29
EC
91
29
ED
91
29
EE
91
29
EF
91
29
F0
91
29
F1
91
29
F2
91
29
F3
91
29
F4
91
29
F5
91
29
F6
91
29
F7
91
29
F8
91
29
F9
91
29
FA
91
29
FB
91
29
FC
91
29
FD
91
29
FE
91
29
FF
91
29
00
91
29
01
91
29
02
91
29
03
91
29
04
91
29
05
91
29
06
91
29
07
91
29
08
91
29
09
91
29
0A
91
29
0B
91
29
0C
91
29
0D
91
29
0E
91
29
0F
91
29
10
91
29
11
91
29
12
91
29
13
91
29
14
91
29
15
91
29
16
91
29
17
91
29
18
91
29
19
91
28
1A
91
28
1B
91
28
1C
91
28
1D
91
28
1E
91
28
1F
91
28
20
91
28
21
91
28
22
91
28
23
91
28
24
91
28
25
91
29
26
91
29
27
91
29
28
91
29
29
91
29
2A
91
29
2B
91
29
2C
91
29
2D
91
29
2E
91
29
2F
91
29
30
91
29
31
91
29
32
91
29
33
91
29
34
91
29
35
91
29
36
91
29
37
91
29
38
91
29
39
91
29
3A
59
8
3B
59
8
3C
59
8
3D
59
8
3E
59
8
3F
59
8
40
59
8
41
59
8
42
59
8
43
59
8
44
59
8
45
59
8
46
59
8
47
59
8
48
59
8
49
59
8
4A
59
7
4B
59
7
4C
59
7
4D
59
7
4E
59
7
4F
59
7
50
59
7
51
59
7
52
59
7
53
59
7
54
59
7
55
59
7
56
59
7
57
59
7
58
91
7
59
91
7
5A
91
7
5B
91
7
5C
91
7
5D
91
7
5E
91
7
5F
91
7
60
91
7
61
91
7
62
91
7
63
91
31
64
91
31
65
91
31
66
91
31
67
91
31
68
91
31
69
91
31
6A
91
31
6B
91
31
6C
91
31
6D
91
31
6E
91
31
6F
91
31
70
91
31
71
91
31
72
91
31
73
91
31
74
91
31
75
91
31
76
91
31
77
91
31
78
91
31
79
91
31
7A
59
14
7B
59
14
7C
59
14
7D
59
14
7E
59
14
7F
59
14
80
59
14
81
59
7
82
59
7
83
59
7
84
59
7
85
59
7
86
59
7
87
59
7
88
59
7
89
59
7
8A
59
7
8B
59
7
8C
59
7
8D
59
7
8E
59
7
8F
59
7
90
59
7
91
59
7
92
59
7
93
59
7
94
59
7
95
59
7
96
59
7
97
59
7
98
59
7
99
59
7
9A
59
7
9B
59
7
9C
59
7
9D
59
7
9E
59
7
9F
59
7
A0
59
7
A1
59
7
A2
59
7
A3
59
7
A4
59
7
A5
59
7
A6
59
7
A7
59
7
A8
59
7
A9
59
8
AA
59
8
AB
59
8
AC
59
8
AD
59
8
AE
59
8
AF
59
19
B0
59
19
B1
59
19
B2
59
19
B3
59
19
B4
59
19
B5
59
19
B6
59
19
B7
59
19
B8
59
19
B9
59
19
BA
59
19
BB
59
19
BC
59
19
BD
59
19
BE
59
14
BF
59
14
C0
59
14
C1
59
14
C2
59
14
C3
59
14
C4
59
14
C5
59
14
C6
59
14
C7
59
14
C8
59
14
C9
59
14
CA
59
14
CB
59
14
CC
59
14
CD
59
14
CE
59
14
CF
59
14
D0
59
14
D1
59
14
D2
59
14
D3
59
14
D4
59
9
D5
59
9
D6
59
9
D7
59
9
D8
59
9
D9
59
9
DA
59
9
DB
59
9
DC
59
9
DD
59
9
DE
59
9
DF
59
9
E0
59
9
E1
59
9
E2
59
9
E3
59
9
E4
59
10
E5
59
10
E6
59
10
E7
59
10
E8
59
10
E9
59
10
EA
59
10
EB
59
10
EC
59
10
ED
59
10
EE
59
10
EF
59
10
F0
59
10
F1
59
10
F2
59
10
F3
59
10
F4
59
10
F5
59
10
F6
59
10
F7
59
10
F8
59
10
F9
59
10
FA
59
10
FB
59
10
FC
59
10
FD
59
10
FE
59
10
FF
59
10
00
59
10
01
59
10
02
59
10
03
59
10
04
59
10
05
59
10
06
59
10
07
59
10
08
59
10
09
59
10
0A
59
10
0B
59
10
0C
59
10
0D
59
10
0E
59
10
0F
59
10
10
59
10
11
59
10
12
59
10
13
59
10
14
59
10
15
59
10
16
59
10
17
59
10
18
59
10
19
59
10
1A
59
10
1B
59
10
1C
59
10
1D
59
10
1E
59
10
1F
59
10
20
59
10
21
59
10
22
59
10
23
59
10
24
59
10
25
59
10
26
59
10
27
59
10
28
59
10
29
59
10
2A
59
10
2B
59
10
2C
59
10
2D
59
10
2E
59
10
2F
59
10
30
59
10
31
59
10
32
59
10
33
59
10
34
59
10
35
59
10
36
59
10
37
59
10
38
59
10
39
59
10
3A
59
10
3B
59
10
3C
59
10
3D
59
10
3E
59
10
3F
59
10
40
59
10
41
59
10
42
59
10
43
59
10
44
59
10
45
59
10
46
59
10
47
59
10
48
59
10
49
59
10
4A
59
10
4B
59
10
4C
59
10
4D
59
10
4E
59
10
4F
59
10
50
59
10
51
59
10
52
59
10
53
59
10
54
59
10
55
59
10
56
59
10
57
59
10
58
59
10
59
59
10
5A
59
10
5B
59
10
5C
59
10
5D
59
9
5E
59
9
5F
59
9
60
59
9
61
59
9
62
59
9
63
59
9
64
59
9
65
59
9
66
59
9
67
59
9
68
59
9
69
59
9
6A
59
9
6B
59
9
6C
59
9
6D
59
9
6E
59
9
6F
59
9
70
59
9
71
59
9
72
59
9
73
59
9
74
59
9
75
59
9
76
59
9
77
59
8
78
59
8
79
59
8
7A
59
8
7B
59
8
7C
59
8
7D
59
8
7E
59
8
7F
59
8
80
59
8
81
59
8
82
59
8
83
59
8
84
59
8
85
59
8
86
59
8
87
59
8
88
59
8
89
59
8
8A
59
8
8B
59
8
8C
59
8
8D
59
8
8E
59
8
8F
59
8
90
59
8
91
59
8
92
59
8
93
59
8
94
59
8
95
59
8
96
59
8
97
59
8
98
59
8
99
59
8
9A
59
8
9B
59
8
9C
59
8
9D
59
8
9E
59
8
9F
59
8
A0
59
8
A1
59
8
A2
59
8
A3
59
8
A4
59
8
A5
59
8
A6
59
8
A7
59
8
A8
59
8
A9
59
8
AA
59
8
AB
59
8
AC
59
8
AD
59
8
AE
59
8
AF
59
8
B0
59
8
B1
59
8
B2
59
8
B3
59
8
B4
59
8
B5
59
8
B6
59
8
B7
59
8
B8
59
8
B9
59
8
BA
59
8
BB
59
8
BC
59
8
BD
59
8
BE
59
8
BF
59
8
C0
59
8
C1
59
8
C2
59
8
C3
59
8
C4
59
8
C5
59
8
C6
59
8
C7
59
8
C8
59
8
C9
59
8
CA
59
8
CB
59
8
CC
59
8
CD
59
8
CE
59
8
CF
59
8
D0
59
8
D1
59
8
D2
59
8
D3
59
8
D4
59
8
D5
59
8
D6
59
8
D7
59
7
D8
59
7
D9
59
7
DA
59
7
DB
59
7
DC
59
7
DD
59
7
DE
59
7
DF
59
7
E0
59
7
E1
59
7
E2
59
7
E3
59
7
E4
59
7
E5
59
7
E6
59
7
E7
59
7
E8
59
7
E9
59
7
EA
59
7
EB
59
7
EC
59
7
ED
59
7
EE
59
7
EF
59
7
F0
59
7
F1
59
7
F2
59
7
F3
59
7
F4
59
7
F5
59
7
F6
59
7
F7
59
7
F8
59
7
F9
59
7
FA
59
7
FB
59
7
FC
59
7
FD
59
7
FE
59
7
FF
59
7
00
59
7
01
59
7
02
59
7
03
59
7
04
59
7
05
59
7
06
59
7
07
59
7
08
59
7
09
59
7
0A
59
7
0B
59
7
0C
59
16
0D
59
16
0E
59
16
0F
59
16
10
59
16
11
59
16
12
59
16
13
59
16
14
59
16
15
59
17
16
59
17
17
59
17
18
59
17
19
59
17
1A
59
17
1B
59
17
1C
59
17
1D
59
21
1E
59
21
1F
59
21
20
59
21
21
59
21
22
59
21
23
59
21
24
59
21
25
59
21
26
59
21
27
59
21
28
59
21
29
59
21
2A
59
21
2B
59
21
2C
59
21
2D
59
16
2E
59
16
2F
59
16
30
59
16
31
59
16
32
59
15
33
59
7
34
59
7
35
59
7
36
59
7
37
59
7
38
59
7
39
59
7
3A
59
7
3B
59
7
3C
59
7
3D
59
7
3E
59
7
3F
59
7
40
59
7
41
59
7
42
59
7
43
59
7
44
59
7
45
59
7
46
59
7
47
59
7
48
59
7
49
59
7
4A
59
7
4B
59
7
4C
59
7
4D
59
7
4E
59
7
4F
59
7
50
59
7
51
59
7
52
59
7
53
59
7
54
59
7
55
59
7
56
59
7
57
59
7
58
59
7
59
59
7
5A
59
7
5B
59
7
5C
59
7
5D
59
7
5E
59
7
5F
59
7
60
59
7
61
59
7
62
59
7
63
59
7
64
59
7
65
59
23
66
59
23
67
59
23
68
59
23
69
59
23
6A
59
23
6B
59
23
6C
59
23
6D
59
24
6E
59
24
6F
59
24
70
59
24
71
59
24
72
59
24
73
59
24
74
93
24
75
93
24
76
93
24
77
93
24
78
93
24
79
93
24
7A
93
24
7B
93
24
7C
93
24
7D
93
24
7E
93
24
7F
93
24
80
93
24
81
93
24
82
93
24
83
93
24
84
93
24
85
93
24
86
93
24
87
93
24
88
93
24
89
93
24
8A
93
24
8B
93
24
8C
93
24
8D
93
24
8E
93
24
8F
93
24
90
93
24
91
93
24
92
93
24
93
93
24
94
93
24
95
93
25
96
93
25
97
93
25
98
93
25
99
93
25
9A
93
25
9B
93
25
9C
94
25
9D
94
25
9E
94
25
9F
94
25
A0
94
25
A1
94
25
A2
94
25
A3
94
25
A4
94
25
A5
94
25
A6
94
25
A7
94
25
A8
94
25
A9
94
26
AA
94
26
AB
94
26
AC
94
26
AD
94
26
AE
94
26
AF
94
26
B0
94
26
B1
94
26
B2
94
26
B3
93
26
B4
93
26
B5
93
26
B6
93
26
B7
93
26
B8
93
26
B9
93
26
BA
93
26
BB
93
26
BC
93
26
BD
93
26
BE
93
26
BF
93
26
C0
93
26
C1
93
26
C2
93
28
C3
93
28
C4
93
28
C5
93
28
C6
93
28
C7
93
28
C8
93
28
C9
93
28
CA
93
28
CB
93
28
CC
93
28
CD
93
28
CE
93
28
CF
93
28
D0
93
28
D1
93
28
D2
93
28
D3
93
28
D4
93
28
D5
93
28
D6
93
28
D7
93
28
D8
93
28
D9
93
28
DA
93
28
DB
93
28
DC
93
29
DD
93
29
DE
93
29
DF
93
29
E0
93
29
E1
93
29
E2
93
29
E3
93
29
E4
93
29
E5
93
29
E6
93
29
E7
93
29
E8
93
29
E9
93
29
EA
93
29
EB
93
29
EC
93
29
ED
93
29
EE
93
29
EF
93
29
F0
93
29
F1
93
29
F2
93
17
F3
93
17
F4
93
17
F5
93
17
F6
93
17
F7
93
17
F8
93
17
F9
93
17
FA
93
17
FB
93
17
FC
93
17
FD
93
17
FE
93
17
FF
93
17
00
93
17
01
93
17
02
93
17
03
93
17
04
93
17
05
93
17
06
93
17
07
93
17
08
93
17
09
93
17
0A
93
17
0B
93
17
0C
93
17
0D
93
17
0E
93
17
0F
93
17
10
93
17
11
93
17
12
93
17
13
93
17
14
93
17
15
93
17
16
93
17
17
93
17
18
93
17
19
93
17
1A
93
17
1B
93
16
1C
93
16
1D
93
16
1E
93
16
1F
93
16
20
93
16
21
93
16
22
93
16
23
93
16
24
93
16
25
93
16
26
93
16
27
93
16
28
93
16
29
93
16
2A
93
16
2B
84
16
2C
84
16
2D
84
16
2E
84
16
2F
84
16
30
84
16
31
84
16
32
84
16
33
84
16
34
84
16
35
84
16
36
84
16
37
84
16
38
84
7
39
