07
48
18
08
48
18
09
48
18
0A
48
18
0B
48
18
0C
48
18
0D
48
18
0E
48
18
0F
48
18
10
48
18
11
48
18
12
48
18
13
48
18
14
48
18
15
48
18
16
48
18
17
48
19
18
48
19
19
48
19
1A
48
19
1B
48
19
1C
48
19
1D
48
19
1E
48
19
1F
48
19
20
48
19
21
48
19
22
48
19
23
48
19
24
48
19
25
48
19
26
48
19
27
48
19
28
48
19
29
48
19
2A
48
19
2B
48
19
2C
48
19
2D
48
19
2E
48
19
2F
48
19
30
48
19
31
48
19
32
48
19
33
48
19
34
48
19
35
48
19
36
48
19
37
48
19
38
48
19
39
48
19
3A
48
19
3B
48
19
3C
48
19
3D
48
19
3E
48
19
3F
48
19
40
48
19
41
48
19
42
48
19
43
48
19
44
48
19
45
48
19
46
48
19
47
48
19
48
48
19
49
48
19
4A
48
19
4B
48
19
4C
48
19
4D
48
19
4E
48
19
4F
48
19
50
48
19
51
48
19
52
48
19
53
48
19
54
48
19
55
48
19
56
48
19
57
48
19
58
48
19
59
48
19
5A
48
19
5B
48
19
5C
48
19
5D
48
19
5E
48
19
5F
48
19
60
48
19
61
48
19
62
48
19
63
48
19
64
48
19
65
48
19
66
48
19
67
48
19
68
48
19
69
48
19
6A
48
19
6B
48
19
6C
48
19
6D
48
19
6E
48
19
6F
48
19
70
48
19
71
48
19
72
48
19
73
48
19
74
48
19
75
48
19
76
48
19
77
48
19
78
48
19
79
48
19
7A
48
19
7B
48
19
7C
48
19
7D
48
19
7E
48
18
7F
48
18
80
48
18
81
48
18
82
48
18
83
48
18
84
48
18
85
48
18
86
48
18
87
48
18
88
48
18
89
48
18
8A
48
18
8B
48
18
8C
48
18
8D
48
18
8E
48
18
8F
48
18
90
48
18
91
48
18
92
48
18
93
48
18
94
48
18
95
48
18
96
48
18
97
48
18
98
48
18
99
48
18
9A
48
18
9B
48
18
9C
48
18
9D
48
18
9E
48
18
9F
48
18
A0
48
18
A1
48
18
A2
48
18
A3
48
18
A4
48
18
A5
48
18
A6
48
18
A7
48
18
A8
48
18
A9
48
18
AA
48
18
AB
48
18
AC
48
18
AD
48
18
AE
48
18
AF
48
17
B0
48
17
B1
48
17
B2
48
17
B3
48
17
B4
48
17
B5
48
17
B6
48
17
B7
48
17
B8
48
17
B9
48
17
BA
48
17
BB
48
17
BC
48
17
BD
48
17
BE
48
17
BF
48
17
C0
48
17
C1
48
17
C2
48
17
C3
48
17
C4
48
17
C5
48
16
C6
48
16
C7
48
16
C8
48
16
C9
48
16
CA
48
16
CB
48
15
CC
48
15
CD
48
15
CE
48
15
CF
48
15
D0
48
15
D1
48
15
D2
48
15
D3
48
15
D4
48
15
D5
48
15
D6
48
15
D7
48
15
D8
48
15
D9
48
15
DA
48
15
DB
48
15
DC
48
15
DD
48
15
DE
48
15
DF
48
15
E0
48
15
E1
48
15
E2
48
15
E3
48
15
E4
48
15
E5
48
15
E6
48
15
E7
48
15
E8
48
15
E9
48
15
EA
48
15
EB
48
15
EC
48
15
ED
48
15
EE
48
15
EF
48
15
F0
48
15
F1
48
15
F2
48
15
F3
48
15
F4
48
15
F5
48
15
F6
48
15
F7
48
15
F8
48
15
F9
48
15
FA
48
15
FB
48
15
FC
48
15
FD
48
15
FE
48
15
FF
48
15
00
48
15
01
48
15
02
48
15
03
48
15
04
48
15
05
48
15
06
48
15
07
48
15
08
48
15
09
48
15
0A
48
15
0B
48
15
0C
48
15
0D
48
15
0E
48
15
0F
48
15
10
48
15
11
48
15
12
48
15
13
48
15
14
48
15
15
48
15
16
48
15
17
48
15
18
48
15
19
48
15
1A
48
15
1B
48
15
1C
48
15
1D
48
15
1E
48
15
1F
48
15
20
48
15
21
48
15
22
48
15
23
48
15
24
48
15
25
48
15
26
48
15
27
48
15
28
48
15
29
48
15
2A
48
14
2B
48
14
2C
48
14
2D
48
14
2E
48
14
2F
48
14
30
48
14
31
48
14
32
48
14
33
48
14
34
48
14
35
48
14
36
48
14
37
48
14
38
48
14
39
48
14
3A
48
14
3B
48
14
3C
48
14
3D
48
14
3E
48
14
3F
48
14
40
48
14
41
48
14
42
48
14
43
48
14
44
48
14
45
48
14
46
48
14
47
48
14
48
48
15
49
48
15
4A
48
15
4B
48
15
4C
48
15
4D
48
15
4E
48
15
4F
48
15
50
48
15
51
48
15
52
48
15
53
48
15
54
48
15
55
48
15
56
48
15
57
48
15
58
48
15
59
48
15
5A
48
16
5B
48
16
5C
48
16
5D
48
16
5E
48
16
5F
48
16
60
48
16
61
48
16
62
48
16
63
48
16
64
48
16
65
48
16
66
48
16
67
48
16
68
48
16
69
48
16
6A
48
16
6B
48
16
6C
48
16
6D
48
16
6E
48
16
6F
48
16
70
48
16
71
48
16
72
48
16
73
48
16
74
48
16
75
48
16
76
48
16
77
48
16
78
48
16
79
48
16
7A
48
16
7B
48
16
7C
48
16
7D
48
16
7E
48
16
7F
48
16
80
48
16
81
48
16
82
48
16
83
48
16
84
48
16
85
48
16
86
48
16
87
48
16
88
48
16
89
48
16
8A
48
16
8B
48
16
8C
48
16
8D
48
16
8E
48
16
8F
48
16
90
48
16
91
48
16
92
48
16
93
48
16
94
48
16
95
48
16
96
48
16
97
48
16
98
48
16
99
48
16
9A
48
16
9B
48
16
9C
48
16
9D
48
16
9E
48
15
9F
48
15
A0
48
15
A1
48
15
A2
48
15
A3
48
15
A4
48
15
A5
48
15
A6
48
15
A7
48
15
A8
48
15
A9
48
15
AA
48
15
AB
48
15
AC
48
15
AD
48
15
AE
48
15
AF
48
15
B0
48
15
B1
48
15
B2
48
15
B3
48
15
B4
48
15
B5
48
15
B6
48
15
B7
48
15
B8
48
15
B9
48
15
BA
48
15
BB
48
15
BC
48
15
BD
48
15
BE
48
15
BF
48
15
C0
48
15
C1
48
15
C2
48
15
C3
48
15
C4
48
15
C5
48
15
C6
48
15
C7
48
15
C8
48
15
C9
48
15
CA
48
15
CB
48
15
CC
48
8
CD
48
8
CE
48
8
CF
48
8
D0
48
8
D1
48
8
D2
48
8
D3
48
8
D4
48
8
D5
48
8
D6
48
8
D7
48
8
D8
48
8
D9
48
8
DA
48
8
DB
48
8
DC
48
8
DD
48
8
DE
48
8
DF
48
8
E0
48
8
E1
48
8
E2
48
9
E3
48
9
E4
48
9
E5
48
9
E6
48
9
E7
48
9
E8
48
10
E9
48
10
EA
48
10
EB
48
10
EC
48
11
ED
48
11
EE
48
11
EF
48
11
F0
48
11
F1
48
11
F2
48
11
F3
48
11
F4
48
11
F5
48
11
F6
48
11
F7
48
11
F8
48
11
F9
48
11
FA
48
11
FB
48
11
FC
48
11
FD
48
11
FE
48
11
FF
48
11
00
48
11
01
48
11
02
48
11
03
48
11
04
48
11
05
48
12
06
48
12
07
48
12
08
48
12
09
48
12
0A
48
12
0B
48
12
0C
48
12
0D
48
12
0E
48
12
0F
48
12
10
48
12
11
48
12
12
48
12
13
48
12
14
48
12
15
48
12
16
48
12
17
48
12
18
48
12
19
48
12
1A
48
12
1B
48
12
1C
48
12
1D
48
12
1E
48
12
1F
48
12
20
48
12
21
48
12
22
48
12
23
48
12
24
48
12
25
48
12
26
48
12
27
48
12
28
48
12
29
48
12
2A
48
12
2B
48
14
2C
48
14
2D
48
14
2E
48
14
2F
48
14
30
48
14
31
48
14
32
48
14
33
48
14
34
48
14
35
48
14
36
48
14
37
48
14
38
48
14
39
48
14
3A
48
14
3B
48
14
3C
48
14
3D
48
14
3E
48
14
3F
48
14
40
48
14
41
48
14
42
48
14
43
48
14
44
48
14
45
48
14
46
48
14
47
48
14
48
48
14
49
48
14
4A
48
14
4B
48
14
4C
48
14
4D
48
14
4E
48
14
4F
48
14
50
48
14
51
48
14
52
48
14
53
48
14
54
48
14
55
48
14
56
48
14
57
48
14
58
48
14
59
48
14
5A
48
14
5B
48
14
5C
48
14
5D
48
14
5E
48
14
5F
48
14
60
48
12
61
48
12
62
48
12
63
48
12
64
48
12
65
48
12
66
48
12
67
48
12
68
48
12
69
48
12
6A
48
12
6B
48
12
6C
48
12
6D
48
12
6E
48
12
6F
48
12
70
48
12
71
48
12
72
48
12
73
48
12
74
48
12
75
48
12
76
48
12
77
48
12
78
48
12
79
48
14
7A
48
14
7B
48
14
7C
48
14
7D
48
14
7E
48
14
7F
48
14
80
48
14
81
48
14
82
48
14
83
48
14
84
48
14
85
48
14
86
48
14
87
48
14
88
48
14
89
48
14
8A
48
14
8B
48
14
8C
48
14
8D
48
14
8E
48
14
8F
48
14
90
48
14
91
48
14
92
48
14
93
48
14
94
48
14
95
48
14
96
48
14
97
48
14
98
48
14
99
48
14
9A
48
14
9B
48
14
9C
48
14
9D
48
14
9E
48
14
9F
48
14
A0
49
14
A1
49
14
A2
49
14
A3
49
14
A4
49
14
A5
49
14
A6
49
14
A7
49
14
A8
49
14
A9
49
14
AA
49
14
AB
49
14
AC
49
14
AD
49
14
AE
49
14
AF
49
14
B0
49
14
B1
49
14
B2
49
14
B3
49
14
B4
49
14
B5
49
14
B6
49
14
B7
48
14
B8
48
14
B9
48
14
BA
48
14
BB
48
14
BC
48
14
BD
48
14
BE
48
14
BF
48
14
C0
48
14
C1
48
14
C2
48
14
C3
48
14
C4
48
14
C5
48
14
C6
48
14
C7
48
14
C8
48
14
C9
48
14
CA
48
14
CB
48
14
CC
48
14
CD
48
14
CE
48
14
CF
48
14
D0
48
14
D1
48
14
D2
48
14
D3
48
14
D4
48
14
D5
48
14
D6
48
14
D7
48
14
D8
48
14
D9
48
14
DA
48
14
DB
48
14
DC
59
14
DD
59
14
DE
59
14
DF
59
14
E0
59
14
E1
59
14
E2
59
14
E3
59
14
E4
59
14
E5
59
14
E6
59
14
E7
59
14
E8
59
14
E9
59
14
EA
59
14
EB
59
14
EC
59
14
ED
59
14
EE
59
14
EF
59
14
F0
59
14
F1
59
14
F2
59
14
F3
59
14
F4
59
14
F5
59
14
F6
59
14
F7
59
14
F8
59
14
F9
59
14
FA
59
14
FB
59
14
FC
59
14
FD
59
14
FE
59
14
FF
59
14
00
59
14
01
59
14
02
59
14
03
59
14
04
59
14
05
59
21
06
59
21
07
59
21
08
59
21
09
59
21
0A
59
21
0B
59
21
0C
59
21
0D
59
21
0E
59
21
0F
59
21
10
59
21
11
59
21
12
59
21
13
59
19
14
59
19
15
59
19
16
59
19
17
59
19
18
99
19
19
99
19
1A
99
19
1B
99
19
1C
99
19
1D
99
19
1E
99
19
1F
99
19
20
99
19
21
99
19
22
99
19
23
99
19
24
99
19
25
99
19
26
99
18
27
99
18
28
99
18
29
99
18
2A
99
18
2B
99
18
2C
99
18
2D
99
18
2E
99
18
2F
99
18
30
99
18
31
99
18
32
99
18
33
99
18
34
99
18
35
99
18
36
99
18
37
99
18
38
99
18
39
99
18
3A
99
18
3B
99
18
3C
99
18
3D
99
18
3E
99
18
3F
99
18
40
99
18
41
99
18
42
99
18
43
49
18
44
49
18
45
49
18
46
49
18
47
49
18
48
49
18
49
49
18
4A
49
19
4B
49
19
4C
49
19
4D
49
19
4E
49
19
4F
49
19
50
49
19
51
49
19
52
49
19
53
49
19
54
99
19
55
99
19
56
99
19
57
99
19
58
99
19
59
99
19
5A
99
19
5B
99
19
5C
99
19
5D
99
19
5E
99
19
5F
99
19
60
99
19
61
99
19
62
99
19
63
99
19
64
99
19
65
99
19
66
99
19
67
99
19
68
99
19
69
99
19
6A
99
19
6B
99
19
6C
99
19
6D
99
19
6E
99
19
6F
99
19
70
99
19
71
99
19
72
99
19
73
99
19
74
99
21
75
99
21
76
99
21
77
99
21
78
99
21
79
99
21
7A
99
21
7B
99
21
7C
99
21
7D
99
21
7E
99
21
7F
49
21
80
49
21
81
49
21
82
49
21
83
49
21
84
49
21
85
49
21
86
49
21
87
49
21
88
49
21
89
49
21
8A
49
21
8B
49
21
8C
49
21
8D
49
21
8E
49
21
8F
49
21
90
99
21
91
99
21
92
99
21
93
99
21
94
99
21
95
99
21
96
99
21
97
99
21
98
99
21
99
99
21
9A
99
21
9B
99
21
9C
99
21
9D
99
21
9E
99
21
9F
99
21
A0
99
21
A1
99
21
A2
99
21
A3
99
21
A4
100
21
A5
100
21
A6
100
21
A7
100
21
A8
100
21
A9
100
21
AA
100
21
AB
100
21
AC
100
21
AD
100
21
AE
100
21
AF
100
22
B0
100
22
B1
100
22
B2
100
22
B3
100
22
B4
100
22
B5
100
22
B6
100
22
B7
100
22
B8
100
22
B9
100
22
BA
100
22
BB
100
22
BC
100
22
BD
100
22
BE
100
22
BF
100
22
C0
100
22
C1
100
22
C2
100
22
C3
100
22
C4
100
22
C5
100
22
C6
100
22
C7
100
22
C8
100
22
C9
100
22
CA
100
22
CB
100
22
CC
100
22
CD
100
22
CE
100
22
CF
100
22
D0
100
22
D1
100
22
D2
100
22
D3
100
22
D4
100
22
D5
100
22
D6
100
22
D7
100
22
D8
100
22
D9
100
22
DA
100
22
DB
100
22
DC
100
22
DD
100
22
DE
100
22
DF
100
22
E0
100
22
E1
100
22
E2
100
22
E3
100
22
E4
100
22
E5
100
22
E6
100
22
E7
100
22
E8
100
22
E9
100
22
EA
100
22
EB
100
22
EC
100
22
ED
100
22
EE
100
22
EF
100
22
F0
100
22
F1
100
22
F2
100
22
F3
100
22
F4
100
22
F5
100
22
F6
100
22
F7
91
22
F8
91
22
F9
91
22
FA
91
22
FB
91
22
FC
91
22
FD
91
22
FE
91
22
FF
91
22
00
91
22
01
91
22
02
91
22
03
91
22
04
91
22
05
91
22
06
91
22
07
91
22
08
107
22
09
107
22
0A
107
22
0B
107
22
0C
107
22
0D
107
22
0E
107
22
0F
107
22
10
107
22
11
107
22
12
107
22
13
107
22
14
107
22
15
107
22
16
107
22
17
107
22
18
107
22
19
107
22
1A
107
22
1B
107
22
1C
107
22
1D
107
22
1E
